Command: vcs -full64 +define+DUMP_ON +define+SYNOPSYS -l vcs_compile.log +vcs+lic+wait \
-sverilog -timescale=1ns/1ps +incdir+/data-sipc/users/smishra/workspace/ASYNC_FIFO_24/verif/tb \
-f /data-sipc/users/smishra/workspace/ASYNC_FIFO_24/rtl/sig_async_fifo_flst.f -f \
/data-sipc/users/smishra/workspace/ASYNC_FIFO_24/verif/tb/sig_async_fifo_tb_flst.f \
-debug_access+all
                         Chronologic VCS (TM)
         Version T-2022.06_Full64 -- Thu Apr 18 23:15:06 2024

                    Copyright (c) 1991 - 2022 Synopsys, Inc.
   This software and the associated documentation are proprietary to Synopsys,
 Inc. This software may only be used in accordance with the terms and conditions
 of a written license agreement with Synopsys, Inc. All other use, reproduction,
   or distribution of this software is strictly prohibited.  Licensed Products
     communicate with Synopsys servers for the purpose of providing software
    updates, detecting software piracy and verifying that customers are using
    Licensed Products in conformity with the applicable License Key for such
  Licensed Products. Synopsys will use information gathered in connection with
    this process to deliver software updates and pursue software pirates and
                                   infringers.

 Inclusivity & Diversity - Visit SolvNetPlus to read the "Synopsys Statement on
            Inclusivity and Diversity" (Refer to article 000036315 at
                        https://solvnetplus.synopsys.com)

Parsing design file '/data-sipc/users/smishra/workspace/ASYNC_FIFO_24/rtl/synchronizer.sv'
Parsing design file '/data-sipc/users/smishra/workspace/ASYNC_FIFO_24/rtl/fifo_memory.sv'
Parsing design file '/data-sipc/users/smishra/workspace/ASYNC_FIFO_24/rtl/wrptr_handler.sv'
Parsing design file '/data-sipc/users/smishra/workspace/ASYNC_FIFO_24/rtl/rdptr_handler.sv'
Parsing design file '/data-sipc/users/smishra/workspace/ASYNC_FIFO_24/rtl/fifo_top.sv'
Parsing design file '/data-sipc/users/smishra/workspace/ASYNC_FIFO_24/verif/tb/sig_async_fifo_tb_top.sv'
Top Level Modules:
       sig_async_fifo_tb_top
TimeScale is 1 ns / 1 ps
Starting vcs inline pass...

1 module and 0 UDP read.
recompiling module sig_async_fifo_tb_top
rm -f _cuarc*.so _csrc*.so pre_vcsobj_*.so share_vcsobj_*.so
if [ -x ../simv ]; then chmod a-x ../simv; fi
g++  -o ../simv      -rdynamic  -Wl,-rpath='$ORIGIN'/simv.daidir -Wl,-rpath=./simv.daidir \
-Wl,-rpath=/tools/SYNOPSYS/Products/vcs/T-2022.06/linux64/lib -L/tools/SYNOPSYS/Products/vcs/T-2022.06/linux64/lib \
-Wl,-rpath-link=./   objs/amcQw_d.o   _2189125_archive_1.so _prev_archive_1.so  SIM_l.o \
rmapats_mop.o rmapats.o rmar.o rmar_nd.o  rmar_llvm_0_1.o rmar_llvm_0_0.o        \
-lnuma -lvirsim -lerrorinf -lsnpsmalloc -lvfs    -lvcsnew -lsimprofile -luclinative \
/tools/SYNOPSYS/Products/vcs/T-2022.06/linux64/lib/vcs_tls.o   -Wl,-whole-archive \
-lvcsucli    -Wl,-no-whole-archive        _vcs_pli_stub_.o   /tools/SYNOPSYS/Products/vcs/T-2022.06/linux64/lib/vcs_save_restore_new.o \
/tools/SYNOPSYS/Products/verdi/U-2023.03/share/PLI/VCS/LINUX64/pli.a -ldl  -lc -lm \
-lpthread -ldl 
../simv up to date
CPU time: .352 seconds to compile + .612 seconds to elab + .423 seconds to link
